mobile/BookBud/app/build/intermediates/manifest_merge_blame_file/debug/processDebugMainManifest/manifest-merger-blame-debug-report.txt
1<?xml version="1.0" encoding="utf-8"?>
2<manifest xmlns:android="http://schemas.android.com/apk/res/android"
3    package="edu.cit.colo.bookbud"
4    android:versionCode="1"
5    android:versionName="1.0" >
6
7    <uses-sdk
8        android:minSdkVersion="24"
9        android:targetSdkVersion="34" />
10
11    <uses-permission android:name="android.permission.INTERNET" />
11-->src\main\AndroidManifest.xml:4:5-67
11-->src\main\AndroidManifest.xml:4:22-64
12
13    <permission
13-->[androidx.core:core:1.13.1] AndroidManifest.xml:22:5-24:47
14        android:name="edu.cit.colo.bookbud.DYNAMIC_RECEIVER_NOT_EXPORTED_PERMISSION"
14-->[androidx.core:core:1.13.1] AndroidManifest.xml:23:9-81
15        android:protectionLevel="signature" />
15-->[androidx.core:core:1.13.1] AndroidManifest.xml:24:9-44
16
17    <uses-permission android:name="edu.cit.colo.bookbud.DYNAMIC_RECEIVER_NOT_EXPORTED_PERMISSION" />
17-->[androidx.core:core:1.13.1] AndroidManifest.xml:26:5-97
17-->[androidx.core:core:1.13.1] AndroidManifest.xml:26:22-94
18
19    <application
19-->src\main\AndroidManifest.xml:6:5-47:19
20        android:allowBackup="true"
20-->src\main\AndroidManifest.xml:7:9-35
21        android:appComponentFactory="androidx.core.app.CoreComponentFactory"
21-->[androidx.core:core:1.13.1] AndroidManifest.xml:28:18-86
22        android:debuggable="true"
23        android:extractNativeLibs="false"
24        android:icon="@android:drawable/sym_def_app_icon"
24-->src\main\AndroidManifest.xml:8:9-58
25        android:label="@string/app_name"
25-->src\main\AndroidManifest.xml:9:9-41
26        android:supportsRtl="true"
26-->src\main\AndroidManifest.xml:10:9-35
27        android:testOnly="true"
28        android:theme="@style/Theme.BookBud"
28-->src\main\AndroidManifest.xml:11:9-45
29        android:usesCleartextTraffic="true" >
29-->src\main\AndroidManifest.xml:12:9-44
30        <activity
30-->src\main\AndroidManifest.xml:14:9-21:20
31            android:name="edu.cit.colo.bookbud.SplashActivity"
31-->src\main\AndroidManifest.xml:15:13-43
32            android:exported="true" >
32-->src\main\AndroidManifest.xml:16:13-36
33            <intent-filter>
33-->src\main\AndroidManifest.xml:17:13-20:29
34                <action android:name="android.intent.action.MAIN" />
34-->src\main\AndroidManifest.xml:18:17-69
34-->src\main\AndroidManifest.xml:18:25-66
35
36                <category android:name="android.intent.category.LAUNCHER" />
36-->src\main\AndroidManifest.xml:19:17-77
36-->src\main\AndroidManifest.xml:19:27-74
37            </intent-filter>
38        </activity>
39        <activity
39-->src\main\AndroidManifest.xml:23:9-25:40
40            android:name="edu.cit.colo.bookbud.ForgotPasswordActivity"
40-->src\main\AndroidManifest.xml:24:13-51
41            android:exported="false" />
41-->src\main\AndroidManifest.xml:25:13-37
42        <activity
42-->src\main\AndroidManifest.xml:27:9-29:40
43            android:name="edu.cit.colo.bookbud.DashboardActivity"
43-->src\main\AndroidManifest.xml:28:13-46
44            android:exported="false" />
44-->src\main\AndroidManifest.xml:29:13-37
45        <activity
45-->src\main\AndroidManifest.xml:31:9-33:40
46            android:name="edu.cit.colo.bookbud.AdminDashboardActivity"
46-->src\main\AndroidManifest.xml:32:13-51
47            android:exported="false" />
47-->src\main\AndroidManifest.xml:33:13-37
48        <activity
48-->src\main\AndroidManifest.xml:35:9-37:40
49            android:name="edu.cit.colo.bookbud.LoginActivity"
49-->src\main\AndroidManifest.xml:36:13-42
50            android:exported="false" />
50-->src\main\AndroidManifest.xml:37:13-37
51        <activity
51-->src\main\AndroidManifest.xml:39:9-41:40
52            android:name="edu.cit.colo.bookbud.RegisterActivity"
52-->src\main\AndroidManifest.xml:40:13-45
53            android:exported="false" />
53-->src\main\AndroidManifest.xml:41:13-37
54        <activity
54-->src\main\AndroidManifest.xml:43:9-45:40
55            android:name="edu.cit.colo.bookbud.GetStartedActivity"
55-->src\main\AndroidManifest.xml:44:13-47
56            android:exported="false" />
56-->src\main\AndroidManifest.xml:45:13-37
57        <activity
57-->[com.google.android.gms:play-services-auth:21.2.0] AndroidManifest.xml:23:9-27:75
58            android:name="com.google.android.gms.auth.api.signin.internal.SignInHubActivity"
58-->[com.google.android.gms:play-services-auth:21.2.0] AndroidManifest.xml:24:13-93
59            android:excludeFromRecents="true"
59-->[com.google.android.gms:play-services-auth:21.2.0] AndroidManifest.xml:25:13-46
60            android:exported="false"
60-->[com.google.android.gms:play-services-auth:21.2.0] AndroidManifest.xml:26:13-37
61            android:theme="@android:style/Theme.Translucent.NoTitleBar" />
61-->[com.google.android.gms:play-services-auth:21.2.0] AndroidManifest.xml:27:13-72
62        <!--
63            Service handling Google Sign-In user revocation. For apps that do not integrate with
64            Google Sign-In, this service will never be started.
65        -->
66        <service
66-->[com.google.android.gms:play-services-auth:21.2.0] AndroidManifest.xml:33:9-37:51
67            android:name="com.google.android.gms.auth.api.signin.RevocationBoundService"
67-->[com.google.android.gms:play-services-auth:21.2.0] AndroidManifest.xml:34:13-89
68            android:exported="true"
68-->[com.google.android.gms:play-services-auth:21.2.0] AndroidManifest.xml:35:13-36
69            android:permission="com.google.android.gms.auth.api.signin.permission.REVOCATION_NOTIFICATION"
69-->[com.google.android.gms:play-services-auth:21.2.0] AndroidManifest.xml:36:13-107
70            android:visibleToInstantApps="true" />
70-->[com.google.android.gms:play-services-auth:21.2.0] AndroidManifest.xml:37:13-48
71
72        <activity
72-->[com.google.android.gms:play-services-base:18.3.0] AndroidManifest.xml:20:9-22:45
73            android:name="com.google.android.gms.common.api.GoogleApiActivity"
73-->[com.google.android.gms:play-services-base:18.3.0] AndroidManifest.xml:20:19-85
74            android:exported="false"
74-->[com.google.android.gms:play-services-base:18.3.0] AndroidManifest.xml:22:19-43
75            android:theme="@android:style/Theme.Translucent.NoTitleBar" />
75-->[com.google.android.gms:play-services-base:18.3.0] AndroidManifest.xml:21:19-78
76
77        <meta-data
77-->[com.google.android.gms:play-services-basement:18.3.0] AndroidManifest.xml:21:9-23:69
78            android:name="com.google.android.gms.version"
78-->[com.google.android.gms:play-services-basement:18.3.0] AndroidManifest.xml:22:13-58
79            android:value="@integer/google_play_services_version" />
79-->[com.google.android.gms:play-services-basement:18.3.0] AndroidManifest.xml:23:13-66
80
81        <provider
81-->[androidx.emoji2:emoji2:1.3.0] AndroidManifest.xml:24:9-32:20
82            android:name="androidx.startup.InitializationProvider"
82-->[androidx.emoji2:emoji2:1.3.0] AndroidManifest.xml:25:13-67
83            android:authorities="edu.cit.colo.bookbud.androidx-startup"
83-->[androidx.emoji2:emoji2:1.3.0] AndroidManifest.xml:26:13-68
84            android:exported="false" >
84-->[androidx.emoji2:emoji2:1.3.0] AndroidManifest.xml:27:13-37
85            <meta-data
85-->[androidx.emoji2:emoji2:1.3.0] AndroidManifest.xml:29:13-31:52
86                android:name="androidx.emoji2.text.EmojiCompatInitializer"
86-->[androidx.emoji2:emoji2:1.3.0] AndroidManifest.xml:30:17-75
87                android:value="androidx.startup" />
87-->[androidx.emoji2:emoji2:1.3.0] AndroidManifest.xml:31:17-49
88            <meta-data
88-->[androidx.lifecycle:lifecycle-process:2.6.2] AndroidManifest.xml:29:13-31:52
89                android:name="androidx.lifecycle.ProcessLifecycleInitializer"
89-->[androidx.lifecycle:lifecycle-process:2.6.2] AndroidManifest.xml:30:17-78
90                android:value="androidx.startup" />
90-->[androidx.lifecycle:lifecycle-process:2.6.2] AndroidManifest.xml:31:17-49
91            <meta-data
91-->[androidx.profileinstaller:profileinstaller:1.3.1] AndroidManifest.xml:29:13-31:52
92                android:name="androidx.profileinstaller.ProfileInstallerInitializer"
92-->[androidx.profileinstaller:profileinstaller:1.3.1] AndroidManifest.xml:30:17-85
93                android:value="androidx.startup" />
93-->[androidx.profileinstaller:profileinstaller:1.3.1] AndroidManifest.xml:31:17-49
94        </provider>
95
96        <receiver
96-->[androidx.profileinstaller:profileinstaller:1.3.1] AndroidManifest.xml:34:9-52:20
97            android:name="androidx.profileinstaller.ProfileInstallReceiver"
97-->[androidx.profileinstaller:profileinstaller:1.3.1] AndroidManifest.xml:35:13-76
98            android:directBootAware="false"
98-->[androidx.profileinstaller:profileinstaller:1.3.1] AndroidManifest.xml:36:13-44
99            android:enabled="true"
99-->[androidx.profileinstaller:profileinstaller:1.3.1] AndroidManifest.xml:37:13-35
100            android:exported="true"
100-->[androidx.profileinstaller:profileinstaller:1.3.1] AndroidManifest.xml:38:13-36
101            android:permission="android.permission.DUMP" >
101-->[androidx.profileinstaller:profileinstaller:1.3.1] AndroidManifest.xml:39:13-57
102            <intent-filter>
102-->[androidx.profileinstaller:profileinstaller:1.3.1] AndroidManifest.xml:40:13-42:29
103                <action android:name="androidx.profileinstaller.action.INSTALL_PROFILE" />
103-->[androidx.profileinstaller:profileinstaller:1.3.1] AndroidManifest.xml:41:17-91
103-->[androidx.profileinstaller:profileinstaller:1.3.1] AndroidManifest.xml:41:25-88
104            </intent-filter>
105            <intent-filter>
105-->[androidx.profileinstaller:profileinstaller:1.3.1] AndroidManifest.xml:43:13-45:29
106                <action android:name="androidx.profileinstaller.action.SKIP_FILE" />
106-->[androidx.profileinstaller:profileinstaller:1.3.1] AndroidManifest.xml:44:17-85
106-->[androidx.profileinstaller:profileinstaller:1.3.1] AndroidManifest.xml:44:25-82
107            </intent-filter>
108            <intent-filter>
108-->[androidx.profileinstaller:profileinstaller:1.3.1] AndroidManifest.xml:46:13-48:29
109                <action android:name="androidx.profileinstaller.action.SAVE_PROFILE" />
109-->[androidx.profileinstaller:profileinstaller:1.3.1] AndroidManifest.xml:47:17-88
109-->[androidx.profileinstaller:profileinstaller:1.3.1] AndroidManifest.xml:47:25-85
110            </intent-filter>
111            <intent-filter>
111-->[androidx.profileinstaller:profileinstaller:1.3.1] AndroidManifest.xml:49:13-51:29
112                <action android:name="androidx.profileinstaller.action.BENCHMARK_OPERATION" />
112-->[androidx.profileinstaller:profileinstaller:1.3.1] AndroidManifest.xml:50:17-95
112-->[androidx.profileinstaller:profileinstaller:1.3.1] AndroidManifest.xml:50:25-92
113            </intent-filter>
114        </receiver>
115    </application>
116
117</manifest>